Base path: G:/Unity/Editor/Data
Pipe name: \\.\pipe\UnityShaderCompiler-4-6468
Cmd: getPlatforms
Cmd: compileSnippet
  api=0 type=0 insize=1526 outsize=614 kw=SOFTPARTICLES_ON ok=1
Cmd: compileSnippet
  api=4 type=0 insize=1526 outsize=2022 kw=SOFTPARTICLES_ON ok=1
Cmd: compileSnippet
  api=0 type=1 insize=1526 outsize=488 kw=SOFTPARTICLES_ON ok=1
Cmd: compileSnippet
  api=4 type=1 insize=1526 outsize=1599 kw=SOFTPARTICLES_ON ok=1
Cmd: compileSnippet
  api=8 type=0 insize=984 outsize=2885 kw= ok=1
Cmd: compileSnippet
  api=8 type=0 insize=984 outsize=2698 kw= ok=1
Cmd: compileSnippet
  api=1 type=0 insize=397 outsize=100 kw= ok=1
Cmd: compileSnippet
  api=1 type=1 insize=397 outsize=22 kw= ok=1
Cmd: compileSnippet
  api=8 type=0 insize=1643 outsize=2202 kw= ok=1
Cmd: compileSnippet
  api=8 type=1 insize=1643 outsize=2153 kw= ok=1
Cmd: compileSnippet
  api=1 type=1 insize=410 outsize=172 kw= ok=1
Cmd: compileSnippet
  api=1 type=0 insize=1287 outsize=335 kw= ok=1
Unhandled exception: Readfile from pipe failed. GLE=The pipe has been ended.


Quitting shader compiler process
