Base path: G:/Unity/Editor/Data
Pipe name: \\.\pipe\UnityShaderCompiler-2-6320
Cmd: getPlatforms
Cmd: compileSnippet
  api=1 type=0 insize=1526 outsize=171 kw=SOFTPARTICLES_OFF ok=1
Cmd: compileSnippet
  api=8 type=1 insize=1526 outsize=1292 kw=SOFTPARTICLES_OFF ok=1
Cmd: compileSnippet
  api=8 type=1 insize=1526 outsize=2478 kw=SOFTPARTICLES_ON ok=1
Cmd: compileSnippet
  api=1 type=1 insize=984 outsize=29 kw= ok=1
Cmd: compileSnippet
  api=1 type=1 insize=984 outsize=29 kw= ok=1
Cmd: compileSnippet
  api=8 type=0 insize=397 outsize=1162 kw= ok=1
Cmd: compileSnippet
  api=8 type=1 insize=397 outsize=553 kw= ok=1
Cmd: compileSnippet
  api=1 type=0 insize=1643 outsize=299 kw= ok=1
Cmd: compileSnippet
  api=1 type=0 insize=410 outsize=145 kw= ok=1
Cmd: compileSnippet
  api=0 type=1 insize=410 outsize=229 kw= ok=1
Cmd: compileSnippet
  api=8 type=0 insize=1287 outsize=2023 kw= ok=1
Cmd: compileSnippet
  api=8 type=1 insize=1287 outsize=1942 kw= ok=1
Unhandled exception: Readfile from pipe failed. GLE=The pipe has been ended.


Quitting shader compiler process
